<?xml version="1.0" encoding="UTF-8"?>
<testng-results ignored="0" total="0" passed="0" failed="0" skipped="0">
  <reporter-output>
  </reporter-output>
  <suite started-at="2021-03-03T12:11:11 BRT" name="steps.TestInitialize" finished-at="2021-03-03T12:11:11 BRT" duration-ms="4">
    <groups>
    </groups>
    <test started-at="2021-03-03T12:11:11 BRT" name="Command line test" finished-at="2021-03-03T12:11:11 BRT" duration-ms="4">
    </test> <!-- Command line test -->
  </suite> <!-- steps.TestInitialize -->
</testng-results>
